  gen2.c
E:\matlab\randomkey\instances\gen2.c(163,1): warning C4996:  'fopen': This function or variable may be unsafe. Consider using fopen_s instead. To disable deprecation, use _CRT_SECURE_NO_WARNINGS. See online help for details.
E:\Windows Kits\10\Include\10.0.17763.0\ucrt\stdio.h(208): message :  see declaration of 'fopen'
E:\matlab\randomkey\instances\gen2.c(160,13): warning C4101:  'ws': unreferenced local variable
E:\matlab\randomkey\instances\gen2.c(160,9): warning C4101:  'ps': unreferenced local variable
E:\matlab\randomkey\instances\gen2.c(204,20): warning C4244:  '=': conversion from 'long' to 'itype', possible loss of data
E:\matlab\randomkey\instances\gen2.c(214,17): warning C4244:  '+=': conversion from 'stype' to 'itype', possible loss of data
E:\matlab\randomkey\instances\gen2.c(215,17): warning C4244:  '+=': conversion from 'stype' to 'itype', possible loss of data
E:\matlab\randomkey\instances\gen2.c(218,33): warning C4244:  '=': conversion from 'stype' to 'itype', possible loss of data
E:\matlab\randomkey\instances\gen2.c(219,36): warning C4244:  '=': conversion from 'stype' to 'itype', possible loss of data
E:\matlab\randomkey\instances\gen2.c(243,24): warning C4244:  '=': conversion from 'long' to 'itype', possible loss of data
E:\matlab\randomkey\instances\gen2.c(245,35): warning C4244:  '=': conversion from 'long' to 'itype', possible loss of data
E:\matlab\randomkey\instances\gen2.c(255,61): warning C4244:  '=': conversion from 'long' to 'itype', possible loss of data
E:\matlab\randomkey\instances\gen2.c(288,39): warning C4244:  '=': conversion from 'long' to 'itype', possible loss of data
E:\matlab\randomkey\instances\gen2.c(298,36): warning C4244:  '=': conversion from 'double' to 'stype', possible loss of data
E:\matlab\randomkey\instances\gen2.c(342,1): warning C4996:  'scanf': This function or variable may be unsafe. Consider using scanf_s instead. To disable deprecation, use _CRT_SECURE_NO_WARNINGS. See online help for details.
E:\Windows Kits\10\Include\10.0.17763.0\ucrt\stdio.h(1274): message :  see declaration of 'scanf'
E:\matlab\randomkey\instances\gen2.c(344,1): warning C4996:  'scanf': This function or variable may be unsafe. Consider using scanf_s instead. To disable deprecation, use _CRT_SECURE_NO_WARNINGS. See online help for details.
E:\Windows Kits\10\Include\10.0.17763.0\ucrt\stdio.h(1274): message :  see declaration of 'scanf'
E:\matlab\randomkey\instances\gen2.c(346,1): warning C4996:  'scanf': This function or variable may be unsafe. Consider using scanf_s instead. To disable deprecation, use _CRT_SECURE_NO_WARNINGS. See online help for details.
E:\Windows Kits\10\Include\10.0.17763.0\ucrt\stdio.h(1274): message :  see declaration of 'scanf'
E:\matlab\randomkey\instances\gen2.c(348,1): warning C4996:  'scanf': This function or variable may be unsafe. Consider using scanf_s instead. To disable deprecation, use _CRT_SECURE_NO_WARNINGS. See online help for details.
E:\Windows Kits\10\Include\10.0.17763.0\ucrt\stdio.h(1274): message :  see declaration of 'scanf'
E:\matlab\randomkey\instances\gen2.c(350,1): warning C4996:  'scanf': This function or variable may be unsafe. Consider using scanf_s instead. To disable deprecation, use _CRT_SECURE_NO_WARNINGS. See online help for details.
  generator.c
E:\Windows Kits\10\Include\10.0.17763.0\ucrt\stdio.h(1274): message :  see declaration of 'scanf'
E:\matlab\randomkey\instances\generator.c(165,1): warning C4996:  'fopen': This function or variable may be unsafe. Consider using fopen_s instead. To disable deprecation, use _CRT_SECURE_NO_WARNINGS. See online help for details.
E:\Windows Kits\10\Include\10.0.17763.0\ucrt\stdio.h(208): message :  see declaration of 'fopen'
E:\matlab\randomkey\instances\generator.c(162,13): warning C4101:  'ws': unreferenced local variable
E:\matlab\randomkey\instances\generator.c(162,9): warning C4101:  'ps': unreferenced local variable
E:\matlab\randomkey\instances\generator.c(192,24): warning C4244:  '=': conversion from 'long' to 'itype', possible loss of data
E:\matlab\randomkey\instances\generator.c(194,34): warning C4244:  '=': conversion from 'long' to 'itype', possible loss of data
E:\matlab\randomkey\instances\generator.c(206,35): warning C4244:  '=': conversion from 'double' to 'stype', possible loss of data
E:\matlab\randomkey\instances\generator.c(232,1): warning C4996:  'scanf': This function or variable may be unsafe. Consider using scanf_s instead. To disable deprecation, use _CRT_SECURE_NO_WARNINGS. See online help for details.
E:\Windows Kits\10\Include\10.0.17763.0\ucrt\stdio.h(1274): message :  see declaration of 'scanf'
E:\matlab\randomkey\instances\generator.c(234,1): warning C4996:  'scanf': This function or variable may be unsafe. Consider using scanf_s instead. To disable deprecation, use _CRT_SECURE_NO_WARNINGS. See online help for details.
E:\Windows Kits\10\Include\10.0.17763.0\ucrt\stdio.h(1274): message :  see declaration of 'scanf'
E:\matlab\randomkey\instances\generator.c(236,1): warning C4996:  'scanf': This function or variable may be unsafe. Consider using scanf_s instead. To disable deprecation, use _CRT_SECURE_NO_WARNINGS. See online help for details.
E:\Windows Kits\10\Include\10.0.17763.0\ucrt\stdio.h(1274): message :  see declaration of 'scanf'
E:\matlab\randomkey\instances\generator.c(238,1): warning C4996:  'scanf': This function or variable may be unsafe. Consider using scanf_s instead. To disable deprecation, use _CRT_SECURE_NO_WARNINGS. See online help for details.
E:\Windows Kits\10\Include\10.0.17763.0\ucrt\stdio.h(1274): message :  see declaration of 'scanf'
E:\matlab\randomkey\instances\generator.c(240,1): warning C4996:  'scanf': This function or variable may be unsafe. Consider using scanf_s instead. To disable deprecation, use _CRT_SECURE_NO_WARNINGS. See online help for details.
  test3dbpp.c
E:\Windows Kits\10\Include\10.0.17763.0\ucrt\stdio.h(1274): message :  see declaration of 'scanf'
E:\matlab\randomkey\instances\test3dbpp.c(234,29): warning C4244:  '=': conversion from 'long' to 'itype', possible loss of data
E:\matlab\randomkey\instances\test3dbpp.c(234,50): warning C4244:  '=': conversion from 'long' to 'itype', possible loss of data
E:\matlab\randomkey\instances\test3dbpp.c(234,69): warning C4244:  '=': conversion from 'long' to 'itype', possible loss of data
E:\matlab\randomkey\instances\test3dbpp.c(235,31): warning C4244:  '=': conversion from 'long' to 'itype', possible loss of data
E:\matlab\randomkey\instances\test3dbpp.c(235,48): warning C4244:  '=': conversion from 'long' to 'itype', possible loss of data
E:\matlab\randomkey\instances\test3dbpp.c(235,69): warning C4244:  '=': conversion from 'long' to 'itype', possible loss of data
E:\matlab\randomkey\instances\test3dbpp.c(236,31): warning C4244:  '=': conversion from 'long' to 'itype', possible loss of data
E:\matlab\randomkey\instances\test3dbpp.c(236,50): warning C4244:  '=': conversion from 'long' to 'itype', possible loss of data
E:\matlab\randomkey\instances\test3dbpp.c(236,67): warning C4244:  '=': conversion from 'long' to 'itype', possible loss of data
E:\matlab\randomkey\instances\test3dbpp.c(237,29): warning C4244:  '=': conversion from 'long' to 'itype', possible loss of data
E:\matlab\randomkey\instances\test3dbpp.c(237,48): warning C4244:  '=': conversion from 'long' to 'itype', possible loss of data
E:\matlab\randomkey\instances\test3dbpp.c(237,67): warning C4244:  '=': conversion from 'long' to 'itype', possible loss of data
E:\matlab\randomkey\instances\test3dbpp.c(238,29): warning C4244:  '=': conversion from 'long' to 'itype', possible loss of data
E:\matlab\randomkey\instances\test3dbpp.c(238,48): warning C4244:  '=': conversion from 'long' to 'itype', possible loss of data
E:\matlab\randomkey\instances\test3dbpp.c(238,67): warning C4244:  '=': conversion from 'long' to 'itype', possible loss of data
E:\matlab\randomkey\instances\test3dbpp.c(246,27): warning C4244:  '=': conversion from 'long' to 'itype', possible loss of data
E:\matlab\randomkey\instances\test3dbpp.c(246,46): warning C4244:  '=': conversion from 'long' to 'itype', possible loss of data
E:\matlab\randomkey\instances\test3dbpp.c(247,29): warning C4244:  '=': conversion from 'long' to 'itype', possible loss of data
E:\matlab\randomkey\instances\test3dbpp.c(314,1): warning C4996:  'fopen': This function or variable may be unsafe. Consider using fopen_s instead. To disable deprecation, use _CRT_SECURE_NO_WARNINGS. See online help for details.
E:\Windows Kits\10\Include\10.0.17763.0\ucrt\stdio.h(208): message :  see declaration of 'fopen'
E:\matlab\randomkey\instances\test3dbpp.c(317,1): warning C4996:  'fscanf': This function or variable may be unsafe. Consider using fscanf_s instead. To disable deprecation, use _CRT_SECURE_NO_WARNINGS. See online help for details.
E:\Windows Kits\10\Include\10.0.17763.0\ucrt\stdio.h(1197): message :  see declaration of 'fscanf'
E:\matlab\randomkey\instances\test3dbpp.c(320,1): warning C4996:  'fscanf': This function or variable may be unsafe. Consider using fscanf_s instead. To disable deprecation, use _CRT_SECURE_NO_WARNINGS. See online help for details.
E:\Windows Kits\10\Include\10.0.17763.0\ucrt\stdio.h(1197): message :  see declaration of 'fscanf'
E:\matlab\randomkey\instances\test3dbpp.c(421,74): warning C4244:  '=': conversion from 'double' to 'int', possible loss of data
E:\matlab\randomkey\instances\test3dbpp.c(378,1): warning C4996:  'strcpy': This function or variable may be unsafe. Consider using strcpy_s instead. To disable deprecation, use _CRT_SECURE_NO_WARNINGS. See online help for details.
E:\Windows Kits\10\Include\10.0.17763.0\ucrt\string.h(133): message :  see declaration of 'strcpy'
E:\matlab\randomkey\instances\test3dbpp.c(403,1): warning C4996:  'scanf': This function or variable may be unsafe. Consider using scanf_s instead. To disable deprecation, use _CRT_SECURE_NO_WARNINGS. See online help for details.
E:\Windows Kits\10\Include\10.0.17763.0\ucrt\stdio.h(1274): message :  see declaration of 'scanf'
E:\matlab\randomkey\instances\test3dbpp.c(405,1): warning C4996:  'scanf': This function or variable may be unsafe. Consider using scanf_s instead. To disable deprecation, use _CRT_SECURE_NO_WARNINGS. See online help for details.
E:\Windows Kits\10\Include\10.0.17763.0\ucrt\stdio.h(1274): message :  see declaration of 'scanf'
E:\matlab\randomkey\instances\test3dbpp.c(407,1): warning C4996:  'scanf': This function or variable may be unsafe. Consider using scanf_s instead. To disable deprecation, use _CRT_SECURE_NO_WARNINGS. See online help for details.
E:\Windows Kits\10\Include\10.0.17763.0\ucrt\stdio.h(1274): message :  see declaration of 'scanf'
E:\matlab\randomkey\instances\test3dbpp.c(409,1): warning C4996:  'scanf': This function or variable may be unsafe. Consider using scanf_s instead. To disable deprecation, use _CRT_SECURE_NO_WARNINGS. See online help for details.
E:\Windows Kits\10\Include\10.0.17763.0\ucrt\stdio.h(1274): message :  see declaration of 'scanf'
E:\matlab\randomkey\instances\test3dbpp.c(411,1): warning C4996:  'scanf': This function or variable may be unsafe. Consider using scanf_s instead. To disable deprecation, use _CRT_SECURE_NO_WARNINGS. See online help for details.
E:\Windows Kits\10\Include\10.0.17763.0\ucrt\stdio.h(1274): message :  see declaration of 'scanf'
E:\matlab\randomkey\instances\test3dbpp.c(413,1): warning C4996:  'scanf': This function or variable may be unsafe. Consider using scanf_s instead. To disable deprecation, use _CRT_SECURE_NO_WARNINGS. See online help for details.
E:\Windows Kits\10\Include\10.0.17763.0\ucrt\stdio.h(1274): message :  see declaration of 'scanf'
E:\matlab\randomkey\instances\test3dbpp.c(415,1): warning C4996:  'scanf': This function or variable may be unsafe. Consider using scanf_s instead. To disable deprecation, use _CRT_SECURE_NO_WARNINGS. See online help for details.
  Generating Code...
E:\Windows Kits\10\Include\10.0.17763.0\ucrt\stdio.h(1274): message :  see declaration of 'scanf'
E:\Windows Kits\10\Include\10.0.17763.0\ucrt\stdio.h(1274): message : E:\matlab\randomkey\instances\gen2.c(319) : warning C4715: 'maketest': not all control paths return a value
gen2.obj : error LNK2005: _error already defined in 3dbpp.obj
gen2.obj : error LNK2005: _pfree already defined in 3dbpp.obj
gen2.obj : error LNK2005: _palloc already defined in 3dbpp.obj
generator.obj : error LNK2005: _srand48x already defined in gen2.obj
generator.obj : error LNK2005: _lrand48x already defined in gen2.obj
generator.obj : error LNK2005: _error already defined in 3dbpp.obj
generator.obj : error LNK2005: _pfree already defined in 3dbpp.obj
generator.obj : error LNK2005: _palloc already defined in 3dbpp.obj
generator.obj : error LNK2005: _showitems already defined in gen2.obj
generator.obj : error LNK2005: _maketest already defined in gen2.obj
generator.obj : error LNK2005: _main already defined in gen2.obj
test3dbpp.obj : error LNK2005: _srand48x already defined in gen2.obj
test3dbpp.obj : error LNK2005: _lrand48x already defined in gen2.obj
test3dbpp.obj : error LNK2005: _maketest already defined in gen2.obj
test3dbpp.obj : error LNK2005: _main already defined in gen2.obj
MSVCRTD.lib(exe_winmain.obj) : error LNK2019: unresolved external symbol _WinMain@16 referenced in function "int __cdecl invoke_main(void)" (?invoke_main@@YAHXZ)
E:\matlab\randomkey\instances\Debug\bpp.exe : fatal error LNK1120: 1 unresolved externals
